[0.021s] Invoking command in '/root/irslab_ws/build/custom_nav2_bt_nodes': CMAKE_PREFIX_PATH=/opt/ros/humble /usr/bin/cmake --build /root/irslab_ws/build/custom_nav2_bt_nodes -- -j20 -l20
[0.475s] [35m[1mConsolidate compiler generated dependencies of target check_path_alignment_plugin[0m
[0.475s] [ 50%] [32mBuilding CXX object CMakeFiles/check_path_alignment_plugin.dir/src/check_path_alignment.cpp.o[0m
[1.868s] In file included from [01m[K/root/irslab_ws/src/custom_nav2_bt_nodes/src/check_path_alignment.cpp:1[m[K:
[1.868s] [01m[K/root/irslab_ws/src/custom_nav2_bt_nodes/include/custom_nav2_bt_nodes/check_path_alignment.hpp:24:31:[m[K [01;31m[Kerror: [m[Kexpected primary-expression before â€˜[01m[K:[m[Kâ€™ token
[1.868s]    24 |   CheckPathAlignment() {} : BT[01;31m[K:[m[KConditionNode("Empty Name", {}) {}
[1.868s]       |                               [01;31m[K^[m[K
[1.868s] [01m[K/root/irslab_ws/src/custom_nav2_bt_nodes/include/custom_nav2_bt_nodes/check_path_alignment.hpp:24:31:[m[K [01;31m[Kerror: [m[KISO C++ forbids declaration of â€˜[01m[Ktype name[m[Kâ€™ with no type [[01;31m[K-fpermissive[m[K]
[1.870s] [01m[K/root/irslab_ws/src/custom_nav2_bt_nodes/include/custom_nav2_bt_nodes/check_path_alignment.hpp:24:29:[m[K [01;31m[Kerror: [m[Kexpected â€˜[01m[K;[m[Kâ€™ at end of member declaration
[1.870s]    24 |   CheckPathAlignment() {} : [01;31m[KBT[m[K:ConditionNode("Empty Name", {}) {}
[1.870s]       |                             [01;31m[K^~[m[K
[1.870s]       |                               [32m[K;[m[K
[1.870s] [01m[K/root/irslab_ws/src/custom_nav2_bt_nodes/include/custom_nav2_bt_nodes/check_path_alignment.hpp:24:62:[m[K [01;31m[Kerror: [m[Kinvalid cast to abstract class type â€˜[01m[KBT::ConditionNode[m[Kâ€™
[1.870s]    24 |   CheckPathAlignment() {} : BT:ConditionNode("Empty Name", {}[01;31m[K)[m[K {}
[1.870s]       |                                                              [01;31m[K^[m[K
[1.870s] In file included from [01m[K/root/irslab_ws/src/custom_nav2_bt_nodes/include/custom_nav2_bt_nodes/check_path_alignment.hpp:3[m[K,
[1.870s]                  from [01m[K/root/irslab_ws/src/custom_nav2_bt_nodes/src/check_path_alignment.cpp:1[m[K:
[1.870s] [01m[K/opt/ros/humble/include/behaviortree_cpp_v3/condition_node.h:21:7:[m[K [01;36m[Knote: [m[K  because the following virtual functions are pure within â€˜[01m[KBT::ConditionNode[m[Kâ€™:
[1.870s]    21 | class [01;36m[KConditionNode[m[K : public LeafNode
[1.870s]       |       [01;36m[K^~~~~~~~~~~~~[m[K
[1.870s] In file included from [01m[K/opt/ros/humble/include/behaviortree_cpp_v3/leaf_node.h:17[m[K,
[1.870s]                  from [01m[K/opt/ros/humble/include/behaviortree_cpp_v3/condition_node.h:17[m[K,
[1.871s]                  from [01m[K/root/irslab_ws/src/custom_nav2_bt_nodes/include/custom_nav2_bt_nodes/check_path_alignment.hpp:3[m[K,
[1.871s]                  from [01m[K/root/irslab_ws/src/custom_nav2_bt_nodes/src/check_path_alignment.cpp:1[m[K:
[1.871s] [01m[K/opt/ros/humble/include/behaviortree_cpp_v3/tree_node.h:187:26:[m[K [01;36m[Knote: [m[K    â€˜[01m[Kvirtual BT::NodeStatus BT::TreeNode::tick()[m[Kâ€™
[1.871s]   187 |   virtual BT::NodeStatus [01;36m[Ktick[m[K() = 0;
[1.871s]       |                          [01;36m[K^~~~[m[K
[1.871s] In file included from [01m[K/root/irslab_ws/src/custom_nav2_bt_nodes/src/check_path_alignment.cpp:1[m[K:
[1.871s] [01m[K/root/irslab_ws/src/custom_nav2_bt_nodes/include/custom_nav2_bt_nodes/check_path_alignment.hpp:24:64:[m[K [01;31m[Kerror: [m[Kdefault member initializer for unnamed bit-field
[1.871s]    24 |   CheckPathAlignment() {} : BT:ConditionNode("Empty Name", {}) [01;31m[K{[m[K}
[1.871s]       |                                                                [01;31m[K^[m[K
[1.871s] [01m[K/root/irslab_ws/src/custom_nav2_bt_nodes/include/custom_nav2_bt_nodes/check_path_alignment.hpp:24:65:[m[K [01;31m[Kerror: [m[KISO C++ forbids declaration of â€˜[01m[Ktype name[m[Kâ€™ with no type [[01;31m[K-fpermissive[m[K]
[1.871s]    24 |   CheckPathAlignment() {} : BT:ConditionNode("Empty Name", {}) {[01;31m[K}[m[K
[1.871s]       |                                                                 [01;31m[K^[m[K
[1.871s] [01m[K/root/irslab_ws/src/custom_nav2_bt_nodes/include/custom_nav2_bt_nodes/check_path_alignment.hpp:24:65:[m[K [01;31m[Kerror: [m[Kexpected â€˜[01m[K;[m[Kâ€™ at end of member declaration
[1.872s]    24 |   CheckPathAlignment() {} : BT:ConditionNode("Empty Name", {}) {[01;31m[K}[m[K
[1.872s]       |                                                                 [01;31m[K^[m[K
[1.872s]       |                                                                  [32m[K;[m[K
[1.873s] [01m[K/root/irslab_ws/src/custom_nav2_bt_nodes/include/custom_nav2_bt_nodes/check_path_alignment.hpp:[m[K In constructor â€˜[01m[Kcustom_nav2_bt_nodes::CheckPathAlignment::CheckPathAlignment()[m[Kâ€™:
[1.873s] [01m[K/root/irslab_ws/src/custom_nav2_bt_nodes/include/custom_nav2_bt_nodes/check_path_alignment.hpp:24:24:[m[K [01;31m[Kerror: [m[Kno matching function for call to â€˜[01m[KBT::ConditionNode::ConditionNode()[m[Kâ€™
[1.873s]    24 |   CheckPathAlignment() [01;31m[K{[m[K} : BT:ConditionNode("Empty Name", {}) {}
[1.873s]       |                        [01;31m[K^[m[K
[1.873s] In file included from [01m[K/root/irslab_ws/src/custom_nav2_bt_nodes/include/custom_nav2_bt_nodes/check_path_alignment.hpp:3[m[K,
[1.873s]                  from [01m[K/root/irslab_ws/src/custom_nav2_bt_nodes/src/check_path_alignment.cpp:1[m[K:
[1.873s] [01m[K/opt/ros/humble/include/behaviortree_cpp_v3/condition_node.h:24:3:[m[K [01;36m[Knote: [m[Kcandidate: â€˜[01m[KBT::ConditionNode::ConditionNode(const string&, const BT::NodeConfiguration&)[m[Kâ€™
[1.873s]    24 |   [01;36m[KConditionNode[m[K(const std::string& name, const NodeConfiguration& config);
[1.873s]       |   [01;36m[K^~~~~~~~~~~~~[m[K
[1.873s] [01m[K/opt/ros/humble/include/behaviortree_cpp_v3/condition_node.h:24:3:[m[K [01;36m[Knote: [m[K  candidate expects 2 arguments, 0 provided
[2.247s] gmake[2]: *** [CMakeFiles/check_path_alignment_plugin.dir/build.make:76: CMakeFiles/check_path_alignment_plugin.dir/src/check_path_alignment.cpp.o] Error 1
[2.247s] gmake[1]: *** [CMakeFiles/Makefile2:137: CMakeFiles/check_path_alignment_plugin.dir/all] Error 2
[2.247s] gmake: *** [Makefile:146: all] Error 2
[2.249s] Invoked command in '/root/irslab_ws/build/custom_nav2_bt_nodes' returned '2': CMAKE_PREFIX_PATH=/opt/ros/humble /usr/bin/cmake --build /root/irslab_ws/build/custom_nav2_bt_nodes -- -j20 -l20
