[0.020s] Invoking command in '/root/irslab_ws/build/custom_nav2_bt_nodes': CMAKE_PREFIX_PATH=/opt/ros/humble /usr/bin/cmake /root/irslab_ws/src/custom_nav2_bt_nodes -DCMAKE_BUILD_TYPE=Release -DCMAKE_INSTALL_PREFIX=/root/irslab_ws/install/custom_nav2_bt_nodes
[0.472s] -- Found ament_cmake: 1.3.12 (/opt/ros/humble/share/ament_cmake/cmake)
[0.473s] -- Found rclcpp: 16.0.15 (/opt/ros/humble/share/rclcpp/cmake)
[0.473s] -- Found rosidl_generator_c: 3.1.7 (/opt/ros/humble/share/rosidl_generator_c/cmake)
[0.473s] -- Found rosidl_adapter: 3.1.7 (/opt/ros/humble/share/rosidl_adapter/cmake)
[0.474s] -- Found rosidl_generator_cpp: 3.1.7 (/opt/ros/humble/share/rosidl_generator_cpp/cmake)
[0.474s] -- Using all available rosidl_typesupport_c: rosidl_typesupport_fastrtps_c;rosidl_typesupport_introspection_c
[0.474s] -- Using all available rosidl_typesupport_cpp: rosidl_typesupport_fastrtps_cpp;rosidl_typesupport_introspection_cpp
[0.474s] -- Found rmw_implementation_cmake: 6.1.2 (/opt/ros/humble/share/rmw_implementation_cmake/cmake)
[0.474s] -- Found rmw_cyclonedds_cpp: 1.3.4 (/opt/ros/humble/share/rmw_cyclonedds_cpp/cmake)
[0.474s] -- Using RMW implementation 'rmw_cyclonedds_cpp' as default
[0.474s] -- Found nav2_behavior_tree: 1.1.18 (/opt/ros/humble/share/nav2_behavior_tree/cmake)
[0.474s] -- Found eigen3_cmake_module: 0.1.1 (/opt/ros/humble/share/eigen3_cmake_module/cmake)
[0.475s] -- Ensuring Eigen3 include directory is part of orocos-kdl CMake target
[0.475s] -- Found pluginlib: 5.1.0 (/opt/ros/humble/share/pluginlib/cmake)
[0.475s] -- Configuring done
[0.475s] -- Generating done
[0.477s] -- Build files have been written to: /root/irslab_ws/build/custom_nav2_bt_nodes
[0.655s] Invoked command in '/root/irslab_ws/build/custom_nav2_bt_nodes' returned '0': CMAKE_PREFIX_PATH=/opt/ros/humble /usr/bin/cmake /root/irslab_ws/src/custom_nav2_bt_nodes -DCMAKE_BUILD_TYPE=Release -DCMAKE_INSTALL_PREFIX=/root/irslab_ws/install/custom_nav2_bt_nodes
[0.656s] Invoking command in '/root/irslab_ws/build/custom_nav2_bt_nodes': CMAKE_PREFIX_PATH=/opt/ros/humble /usr/bin/cmake --build /root/irslab_ws/build/custom_nav2_bt_nodes -- -j20 -l20
[0.676s] [ 50%] [32mBuilding CXX object CMakeFiles/check_path_alignment_plugin.dir/src/check_path_alignment.cpp.o[0m
[2.517s] [01m[K/root/irslab_ws/src/custom_nav2_bt_nodes/src/check_path_alignment.cpp:[m[K In member function â€˜[01m[Kvirtual BT::NodeStatus custom_nav2_bt_nodes::CheckPathAlignment::tick()[m[Kâ€™:
[2.517s] [01m[K/root/irslab_ws/src/custom_nav2_bt_nodes/src/check_path_alignment.cpp:65:59:[m[K [01;31m[Kerror: [m[Kâ€˜[01m[Knormalize_angle[m[Kâ€™ is not a member of â€˜[01m[Knav2_util::geometry_utils[m[Kâ€™
[2.517s]    65 |   double angle_diff = std::abs(nav2_util::geometry_utils::[01;31m[Knormalize_angle[m[K(path_yaw - robot_yaw));
[2.517s]       |                                                           [01;31m[K^~~~~~~~~~~~~~~[m[K
[2.853s] In file included from [01m[K/opt/ros/humble/include/class_loader/class_loader/class_loader_core.hpp:57[m[K,
[2.854s]                  from [01m[K/opt/ros/humble/include/class_loader/class_loader/class_loader.hpp:55[m[K,
[2.854s]                  from [01m[K/opt/ros/humble/include/pluginlib/pluginlib/class_list_macros.hpp:40[m[K,
[2.854s]                  from [01m[K/root/irslab_ws/src/custom_nav2_bt_nodes/src/check_path_alignment.cpp:82[m[K:
[2.854s] /opt/ros/humble/include/class_loader/class_loader/meta_object.hpp: In instantiation of â€˜[01m[KB* class_loader::impl::MetaObject<C, B>::create() const [with C = custom_nav2_bt_nodes::CheckPathAlignment; B = BT::ConditionNode][m[Kâ€™:
[2.854s] [01m[K/opt/ros/humble/include/class_loader/class_loader/meta_object.hpp:216:7:[m[K   required from here
[2.854s] [01m[K/opt/ros/humble/include/class_loader/class_loader/meta_object.hpp:218:12:[m[K [01;31m[Kerror: [m[Kuse of deleted function â€˜[01m[Kcustom_nav2_bt_nodes::CheckPathAlignment::CheckPathAlignment()[m[Kâ€™
[2.854s]   218 |     return [01;31m[Knew C[m[K;
[2.854s]       |            [01;31m[K^~~~~[m[K
[2.854s] In file included from [01m[K/root/irslab_ws/src/custom_nav2_bt_nodes/src/check_path_alignment.cpp:1[m[K:
[2.854s] [01m[K/root/irslab_ws/src/custom_nav2_bt_nodes/include/custom_nav2_bt_nodes/check_path_alignment.hpp:23:3:[m[K [01;36m[Knote: [m[Kdeclared here
[2.854s]    23 |   [01;36m[KCheckPathAlignment[m[K() = delete;
[2.854s]       |   [01;36m[K^~~~~~~~~~~~~~~~~~[m[K
[2.913s] gmake[2]: *** [CMakeFiles/check_path_alignment_plugin.dir/build.make:76: CMakeFiles/check_path_alignment_plugin.dir/src/check_path_alignment.cpp.o] Error 1
[2.914s] gmake[1]: *** [CMakeFiles/Makefile2:137: CMakeFiles/check_path_alignment_plugin.dir/all] Error 2
[2.914s] gmake: *** [Makefile:146: all] Error 2
[2.916s] Invoked command in '/root/irslab_ws/build/custom_nav2_bt_nodes' returned '2': CMAKE_PREFIX_PATH=/opt/ros/humble /usr/bin/cmake --build /root/irslab_ws/build/custom_nav2_bt_nodes -- -j20 -l20
