[0.049s] Invoking command in '/root/irslab_ws/build/custom_nav2_bt_nodes': CMAKE_PREFIX_PATH=${CMAKE_PREFIX_PATH}:/root/irslab_ws/install/tm_mod_urdf:/root/irslab_ws/install/pick_nav_place:/root/irslab_ws/install/pa_warehouse_status:/root/irslab_ws/install/hand_solo_virtual_nav:/root/irslab_ws/install/hand_solo_arm:/opt/ros/humble /usr/bin/cmake --build /root/irslab_ws/build/custom_nav2_bt_nodes -- -j20 -l20
[0.850s] -- Found ament_cmake: 1.3.12 (/opt/ros/humble/share/ament_cmake/cmake)
[0.850s] -- Found action_msgs: 1.2.2 (/opt/ros/humble/share/action_msgs/cmake)
[0.850s] -- Found rosidl_generator_c: 3.1.7 (/opt/ros/humble/share/rosidl_generator_c/cmake)
[0.850s] -- Found rosidl_adapter: 3.1.7 (/opt/ros/humble/share/rosidl_adapter/cmake)
[0.850s] -- Found rosidl_generator_cpp: 3.1.7 (/opt/ros/humble/share/rosidl_generator_cpp/cmake)
[0.850s] -- Using all available rosidl_typesupport_c: rosidl_typesupport_fastrtps_c;rosidl_typesupport_introspection_c
[0.850s] -- Using all available rosidl_typesupport_cpp: rosidl_typesupport_fastrtps_cpp;rosidl_typesupport_introspection_cpp
[0.850s] -- Found rclcpp: 16.0.15 (/opt/ros/humble/share/rclcpp/cmake)
[0.850s] -- Found rmw_implementation_cmake: 6.1.2 (/opt/ros/humble/share/rmw_implementation_cmake/cmake)
[0.850s] -- Found rmw_cyclonedds_cpp: 1.3.4 (/opt/ros/humble/share/rmw_cyclonedds_cpp/cmake)
[0.850s] -- Using RMW implementation 'rmw_cyclonedds_cpp' as default
[0.850s] -- Found rclcpp_action: 16.0.15 (/opt/ros/humble/share/rclcpp_action/cmake)
[0.850s] -- Found rclcpp_lifecycle: 16.0.15 (/opt/ros/humble/share/rclcpp_lifecycle/cmake)
[0.850s] -- Found nav2_behavior_tree: 1.1.18 (/opt/ros/humble/share/nav2_behavior_tree/cmake)
[0.850s] -- Found eigen3_cmake_module: 0.1.1 (/opt/ros/humble/share/eigen3_cmake_module/cmake)
[0.850s] -- Ensuring Eigen3 include directory is part of orocos-kdl CMake target
[0.850s] -- Found pluginlib: 5.1.0 (/opt/ros/humble/share/pluginlib/cmake)
[0.850s] -- Found nav2_common: 1.1.18 (/opt/ros/humble/share/nav2_common/cmake)
[0.851s] -- Configuring done
[0.851s] -- Generating done
[0.851s] -- Build files have been written to: /root/irslab_ws/build/custom_nav2_bt_nodes
[0.851s] [35m[1mConsolidate compiler generated dependencies of target nav2_bt_nodes_check_path_alignment[0m
[0.851s] [ 50%] [32mBuilding CXX object CMakeFiles/nav2_bt_nodes_check_path_alignment.dir/src/check_path_alignment.cpp.o[0m
[3.676s] [01m[K/root/irslab_ws/src/custom_nav2_bt_nodes/src/check_path_alignment.cpp:15:1:[m[K [01;31m[Kerror: [m[Kâ€˜[01m[KCheckPathAlignment[m[Kâ€™ does not name a type
[3.676s]    15 | [01;31m[KCheckPathAlignment[m[K::CheckPathAlignment(
[3.676s]       | [01;31m[K^~~~~~~~~~~~~~~~~~[m[K
[3.676s] [01m[K/root/irslab_ws/src/custom_nav2_bt_nodes/src/check_path_alignment.cpp:22:6:[m[K [01;31m[Kerror: [m[Kâ€˜[01m[KCheckPathAlignment[m[Kâ€™ has not been declared
[3.676s]    22 | void [01;31m[KCheckPathAlignment[m[K::initialize()
[3.676s]       |      [01;31m[K^~~~~~~~~~~~~~~~~~[m[K
[3.679s] [01m[K/root/irslab_ws/src/custom_nav2_bt_nodes/src/check_path_alignment.cpp:[m[K In function â€˜[01m[Kvoid nav2_behavior_tree::initialize()[m[Kâ€™:
[3.680s] [01m[K/root/irslab_ws/src/custom_nav2_bt_nodes/src/check_path_alignment.cpp:25:3:[m[K [01;31m[Kerror: [m[Kâ€˜[01m[Knode_[m[Kâ€™ was not declared in this scope; did you mean â€˜[01m[Kmode_t[m[Kâ€™?
[3.680s]    25 |   [01;31m[Knode_[m[K = rclcpp::Node::make_shared("path_alignment_checker_temp_node");
[3.680s]       |   [01;31m[K^~~~~[m[K
[3.680s]       |   [32m[Kmode_t[m[K
[3.684s] [01m[K/root/irslab_ws/src/custom_nav2_bt_nodes/src/check_path_alignment.cpp:26:3:[m[K [01;31m[Kerror: [m[Kâ€˜[01m[Ktf_buffer_[m[Kâ€™ was not declared in this scope
[3.684s]    26 |   [01;31m[Ktf_buffer_[m[K = std::make_shared<tf2_ros::Buffer>(node_->get_clock());
[3.684s]       |   [01;31m[K^~~~~~~~~~[m[K
[3.689s] [01m[K/root/irslab_ws/src/custom_nav2_bt_nodes/src/check_path_alignment.cpp:27:3:[m[K [01;31m[Kerror: [m[Kâ€˜[01m[Ktf_listener_[m[Kâ€™ was not declared in this scope
[3.689s]    27 |   [01;31m[Ktf_listener_[m[K = std::make_shared<tf2_ros::TransformListener>(*tf_buffer_);
[3.689s]       |   [01;31m[K^~~~~~~~~~~~[m[K
[3.696s] [01m[K/root/irslab_ws/src/custom_nav2_bt_nodes/src/check_path_alignment.cpp:30:31:[m[K [01;31m[Kerror: [m[Kâ€˜[01m[Kangle_threshold_[m[Kâ€™ was not declared in this scope
[3.696s]    30 |   getInput("angle_threshold", [01;31m[Kangle_threshold_[m[K);
[3.696s]       |                               [01;31m[K^~~~~~~~~~~~~~~~[m[K
[3.700s] [01m[K/root/irslab_ws/src/custom_nav2_bt_nodes/src/check_path_alignment.cpp:30:3:[m[K [01;31m[Kerror: [m[Kâ€˜[01m[KgetInput[m[Kâ€™ was not declared in this scope; did you mean â€˜[01m[Kgetpt[m[Kâ€™?
[3.700s]    30 |   [01;31m[KgetInput[m[K("angle_threshold", angle_threshold_);
[3.700s]       |   [01;31m[K^~~~~~~~[m[K
[3.701s]       |   [32m[Kgetpt[m[K
[3.701s] [01m[K/root/irslab_ws/src/custom_nav2_bt_nodes/src/check_path_alignment.cpp:[m[K At global scope:
[3.701s] [01m[K/root/irslab_ws/src/custom_nav2_bt_nodes/src/check_path_alignment.cpp:33:16:[m[K [01;31m[Kerror: [m[Kâ€˜[01m[KCheckPathAlignment[m[Kâ€™ has not been declared
[3.701s]    33 | BT::NodeStatus [01;31m[KCheckPathAlignment[m[K::tick()
[3.701s]       |                [01;31m[K^~~~~~~~~~~~~~~~~~[m[K
[3.701s] [01m[K/root/irslab_ws/src/custom_nav2_bt_nodes/src/check_path_alignment.cpp:[m[K In function â€˜[01m[KBT::NodeStatus nav2_behavior_tree::tick()[m[Kâ€™:
[3.701s] [01m[K/root/irslab_ws/src/custom_nav2_bt_nodes/src/check_path_alignment.cpp:35:12:[m[K [01;31m[Kerror: [m[Kâ€˜[01m[KisStatusActive[m[Kâ€™ is not a member of â€˜[01m[KBT[m[Kâ€™
[3.702s]    35 |   if (!BT::[01;31m[KisStatusActive[m[K(status())) {
[3.702s]       |            [01;31m[K^~~~~~~~~~~~~~[m[K
[3.705s] [01m[K/root/irslab_ws/src/custom_nav2_bt_nodes/src/check_path_alignment.cpp:35:27:[m[K [01;31m[Kerror: [m[Kâ€˜[01m[Kstatus[m[Kâ€™ was not declared in this scope; did you mean â€˜[01m[Kstatic[m[Kâ€™?
[3.706s]    35 |   if (!BT::isStatusActive([01;31m[Kstatus[m[K())) {
[3.706s]       |                           [01;31m[K^~~~~~[m[K
[3.706s]       |                           [32m[Kstatic[m[K
[3.706s] [01m[K/root/irslab_ws/src/custom_nav2_bt_nodes/src/check_path_alignment.cpp:39:12:[m[K [01;31m[Kerror: [m[Kâ€˜[01m[KisStatusActive[m[Kâ€™ is not a member of â€˜[01m[KBT[m[Kâ€™
[3.706s]    39 |   if (!BT::[01;31m[KisStatusActive[m[K(status())) {
[3.706s]       |            [01;31m[K^~~~~~~~~~~~~~[m[K
[3.710s] [01m[K/root/irslab_ws/src/custom_nav2_bt_nodes/src/check_path_alignment.cpp:39:27:[m[K [01;31m[Kerror: [m[Kâ€˜[01m[Kstatus[m[Kâ€™ was not declared in this scope; did you mean â€˜[01m[Kstatic[m[Kâ€™?
[3.710s]    39 |   if (!BT::isStatusActive([01;31m[Kstatus[m[K())) {
[3.710s]       |                           [01;31m[K^~~~~~[m[K
[3.710s]       |                           [32m[Kstatic[m[K
[3.714s] [01m[K/root/irslab_ws/src/custom_nav2_bt_nodes/src/check_path_alignment.cpp:45:8:[m[K [01;31m[Kerror: [m[Kâ€˜[01m[KgetInput[m[Kâ€™ was not declared in this scope; did you mean â€˜[01m[Kgetpt[m[Kâ€™?
[3.714s]    45 |   if (![01;31m[KgetInput[m[K("path", path)) {
[3.714s]       |        [01;31m[K^~~~~~~~[m[K
[3.714s]       |        [32m[Kgetpt[m[K
[3.719s] [01m[K/root/irslab_ws/src/custom_nav2_bt_nodes/src/check_path_alignment.cpp:61:23:[m[K [01;31m[Kerror: [m[Kâ€˜[01m[Ktf_buffer_[m[Kâ€™ was not declared in this scope
[3.719s]    61 |     robot_transform = [01;31m[Ktf_buffer_[m[K->lookupTransform(
[3.719s]       |                       [01;31m[K^~~~~~~~~~[m[K
[3.723s] In file included from [01m[K/opt/ros/humble/include/rclcpp/rclcpp/client.hpp:40[m[K,
[3.723s]                  from [01m[K/opt/ros/humble/include/rclcpp/rclcpp/callback_group.hpp:24[m[K,
[3.723s]                  from [01m[K/opt/ros/humble/include/rclcpp/rclcpp/any_executable.hpp:20[m[K,
[3.723s]                  from [01m[K/opt/ros/humble/include/rclcpp/rclcpp/memory_strategy.hpp:25[m[K,
[3.723s]                  from [01m[K/opt/ros/humble/include/rclcpp/rclcpp/memory_strategies.hpp:18[m[K,
[3.723s]                  from [01m[K/opt/ros/humble/include/rclcpp/rclcpp/executor_options.hpp:20[m[K,
[3.723s]                  from [01m[K/opt/ros/humble/include/rclcpp/rclcpp/executor.hpp:37[m[K,
[3.723s]                  from [01m[K/opt/ros/humble/include/rclcpp/rclcpp/executors/multi_threaded_executor.hpp:25[m[K,
[3.723s]                  from [01m[K/opt/ros/humble/include/rclcpp/rclcpp/executors.hpp:21[m[K,
[3.723s]                  from [01m[K/opt/ros/humble/include/rclcpp/rclcpp/rclcpp.hpp:155[m[K,
[3.723s]                  from [01m[K/opt/ros/humble/include/nav2_util/node_utils.hpp:20[m[K,
[3.723s]                  from [01m[K/opt/ros/humble/include/nav2_behavior_tree/bt_action_node.hpp:23[m[K,
[3.723s]                  from [01m[K/root/irslab_ws/src/custom_nav2_bt_nodes/include/custom_nav2_bt_nodes/check_path_alignment.hpp:4[m[K,
[3.723s]                  from [01m[K/root/irslab_ws/src/custom_nav2_bt_nodes/src/check_path_alignment.cpp:1[m[K:
[3.723s] [01m[K/root/irslab_ws/src/custom_nav2_bt_nodes/src/check_path_alignment.cpp:67:18:[m[K [01;31m[Kerror: [m[Kâ€˜[01m[Knode_[m[Kâ€™ was not declared in this scope; did you mean â€˜[01m[Kmode_t[m[Kâ€™?
[3.723s]    67 |     RCLCPP_ERROR([01;31m[Knode_[m[K->get_logger(), "Could not transform robot pose: %s", ex.what());
[3.723s]       |                  [01;31m[K^~~~~[m[K
[3.723s] [01m[K/root/irslab_ws/src/custom_nav2_bt_nodes/src/check_path_alignment.cpp:67:5:[m[K [01;31m[Kerror: [m[Ktemplate argument 1 is invalid
[3.723s]    67 |     [01;31m[KRCLCPP_ERROR[m[K(node_->get_logger(), "Could not transform robot pose: %s", ex.what());
[3.723s]       |     [01;31m[K^~~~~~~~~~~~[m[K
[3.727s] [01m[K/root/irslab_ws/src/custom_nav2_bt_nodes/src/check_path_alignment.cpp:82:15:[m[K [01;31m[Kerror: [m[Kâ€˜[01m[Knode_[m[Kâ€™ was not declared in this scope; did you mean â€˜[01m[Kmode_t[m[Kâ€™?
[3.727s]    82 |   RCLCPP_INFO([01;31m[Knode_[m[K->get_logger(),
[3.727s]       |               [01;31m[K^~~~~[m[K
[3.727s] [01m[K/root/irslab_ws/src/custom_nav2_bt_nodes/src/check_path_alignment.cpp:82:3:[m[K [01;31m[Kerror: [m[Ktemplate argument 1 is invalid
[3.727s]    82 |   [01;31m[KRCLCPP_INFO[m[K(node_->get_logger(),
[3.727s]       |   [01;31m[K^~~~~~~~~~~[m[K
[3.735s] In file included from [01m[K/opt/ros/humble/include/rclcpp/rclcpp/logging.hpp:24[m[K,
[3.735s]                  from [01m[K/opt/ros/humble/include/rclcpp/rclcpp/client.hpp:40[m[K,
[3.735s]                  from [01m[K/opt/ros/humble/include/rclcpp/rclcpp/callback_group.hpp:24[m[K,
[3.735s]                  from [01m[K/opt/ros/humble/include/rclcpp/rclcpp/any_executable.hpp:20[m[K,
[3.735s]                  from [01m[K/opt/ros/humble/include/rclcpp/rclcpp/memory_strategy.hpp:25[m[K,
[3.735s]                  from [01m[K/opt/ros/humble/include/rclcpp/rclcpp/memory_strategies.hpp:18[m[K,
[3.735s]                  from [01m[K/opt/ros/humble/include/rclcpp/rclcpp/executor_options.hpp:20[m[K,
[3.735s]                  from [01m[K/opt/ros/humble/include/rclcpp/rclcpp/executor.hpp:37[m[K,
[3.735s]                  from [01m[K/opt/ros/humble/include/rclcpp/rclcpp/executors/multi_threaded_executor.hpp:25[m[K,
[3.735s]                  from [01m[K/opt/ros/humble/include/rclcpp/rclcpp/executors.hpp:21[m[K,
[3.735s]                  from [01m[K/opt/ros/humble/include/rclcpp/rclcpp/rclcpp.hpp:155[m[K,
[3.735s]                  from [01m[K/opt/ros/humble/include/nav2_util/node_utils.hpp:20[m[K,
[3.735s]                  from [01m[K/opt/ros/humble/include/nav2_behavior_tree/bt_action_node.hpp:23[m[K,
[3.735s]                  from [01m[K/root/irslab_ws/src/custom_nav2_bt_nodes/include/custom_nav2_bt_nodes/check_path_alignment.hpp:4[m[K,
[3.735s]                  from [01m[K/root/irslab_ws/src/custom_nav2_bt_nodes/src/check_path_alignment.cpp:1[m[K:
[3.735s] [01m[K/root/irslab_ws/src/custom_nav2_bt_nodes/src/check_path_alignment.cpp:84:38:[m[K [01;31m[Kerror: [m[Kâ€˜[01m[Kangle_threshold_[m[Kâ€™ was not declared in this scope
[3.735s]    84 |     robot_yaw, path_yaw, angle_diff, [01;31m[Kangle_threshold_[m[K);
[3.735s]       |                                      [01;31m[K^~~~~~~~~~~~~~~~[m[K
[3.742s] [01m[K/root/irslab_ws/src/custom_nav2_bt_nodes/src/check_path_alignment.cpp:87:20:[m[K [01;31m[Kerror: [m[Kâ€˜[01m[Kangle_threshold_[m[Kâ€™ was not declared in this scope
[3.742s]    87 |   if (angle_diff > [01;31m[Kangle_threshold_[m[K) {
[3.742s]       |                    [01;31m[K^~~~~~~~~~~~~~~~[m[K
[3.745s] In file included from [01m[K/opt/ros/humble/include/rclcpp/rclcpp/client.hpp:40[m[K,
[3.745s]                  from [01m[K/opt/ros/humble/include/rclcpp/rclcpp/callback_group.hpp:24[m[K,
[3.745s]                  from [01m[K/opt/ros/humble/include/rclcpp/rclcpp/any_executable.hpp:20[m[K,
[3.745s]                  from [01m[K/opt/ros/humble/include/rclcpp/rclcpp/memory_strategy.hpp:25[m[K,
[3.745s]                  from [01m[K/opt/ros/humble/include/rclcpp/rclcpp/memory_strategies.hpp:18[m[K,
[3.745s]                  from [01m[K/opt/ros/humble/include/rclcpp/rclcpp/executor_options.hpp:20[m[K,
[3.745s]                  from [01m[K/opt/ros/humble/include/rclcpp/rclcpp/executor.hpp:37[m[K,
[3.745s]                  from [01m[K/opt/ros/humble/include/rclcpp/rclcpp/executors/multi_threaded_executor.hpp:25[m[K,
[3.745s]                  from [01m[K/opt/ros/humble/include/rclcpp/rclcpp/executors.hpp:21[m[K,
[3.745s]                  from [01m[K/opt/ros/humble/include/rclcpp/rclcpp/rclcpp.hpp:155[m[K,
[3.745s]                  from [01m[K/opt/ros/humble/include/nav2_util/node_utils.hpp:20[m[K,
[3.745s]                  from [01m[K/opt/ros/humble/include/nav2_behavior_tree/bt_action_node.hpp:23[m[K,
[3.745s]                  from [01m[K/root/irslab_ws/src/custom_nav2_bt_nodes/include/custom_nav2_bt_nodes/check_path_alignment.hpp:4[m[K,
[3.745s]                  from [01m[K/root/irslab_ws/src/custom_nav2_bt_nodes/src/check_path_alignment.cpp:1[m[K:
[3.745s] [01m[K/root/irslab_ws/src/custom_nav2_bt_nodes/src/check_path_alignment.cpp:89:17:[m[K [01;31m[Kerror: [m[Kâ€˜[01m[Knode_[m[Kâ€™ was not declared in this scope; did you mean â€˜[01m[Kmode_t[m[Kâ€™?
[3.746s]    89 |     RCLCPP_WARN([01;31m[Knode_[m[K->get_logger(),
[3.746s]       |                 [01;31m[K^~~~~[m[K
[3.746s] [01m[K/root/irslab_ws/src/custom_nav2_bt_nodes/src/check_path_alignment.cpp:89:5:[m[K [01;31m[Kerror: [m[Ktemplate argument 1 is invalid
[3.746s]    89 |     [01;31m[KRCLCPP_WARN[m[K(node_->get_logger(),
[3.746s]       |     [01;31m[K^~~~~~~~~~~[m[K
[4.371s] gmake[2]: *** [CMakeFiles/nav2_bt_nodes_check_path_alignment.dir/build.make:76: CMakeFiles/nav2_bt_nodes_check_path_alignment.dir/src/check_path_alignment.cpp.o] Error 1
[4.371s] gmake[1]: *** [CMakeFiles/Makefile2:137: CMakeFiles/nav2_bt_nodes_check_path_alignment.dir/all] Error 2
[4.372s] gmake: *** [Makefile:146: all] Error 2
[4.374s] Invoked command in '/root/irslab_ws/build/custom_nav2_bt_nodes' returned '2': CMAKE_PREFIX_PATH=${CMAKE_PREFIX_PATH}:/root/irslab_ws/install/tm_mod_urdf:/root/irslab_ws/install/pick_nav_place:/root/irslab_ws/install/pa_warehouse_status:/root/irslab_ws/install/hand_solo_virtual_nav:/root/irslab_ws/install/hand_solo_arm:/opt/ros/humble /usr/bin/cmake --build /root/irslab_ws/build/custom_nav2_bt_nodes -- -j20 -l20
