[0.022s] Invoking command in '/root/irslab_ws/build/custom_nav2_bt_nodes': CMAKE_PREFIX_PATH=/opt/ros/humble /usr/bin/cmake --build /root/irslab_ws/build/custom_nav2_bt_nodes -- -j20 -l20
[0.488s] [35m[1mConsolidate compiler generated dependencies of target check_path_alignment_plugin[0m
[0.488s] [ 50%] [32mBuilding CXX object CMakeFiles/check_path_alignment_plugin.dir/src/check_path_alignment.cpp.o[0m
[1.810s] [01m[K/root/irslab_ws/src/custom_nav2_bt_nodes/src/check_path_alignment.cpp:[m[K In member function â€˜[01m[Kvirtual BT::NodeStatus custom_nav2_bt_nodes::CheckPathAlignment::tick()[m[Kâ€™:
[1.810s] [01m[K/root/irslab_ws/src/custom_nav2_bt_nodes/src/check_path_alignment.cpp:65:59:[m[K [01;31m[Kerror: [m[Kâ€˜[01m[Knormalize_angle[m[Kâ€™ is not a member of â€˜[01m[Knav2_util::geometry_utils[m[Kâ€™
[1.810s]    65 |   double angle_diff = std::abs(nav2_util::geometry_utils::[01;31m[Knormalize_angle[m[K(path_yaw - robot_yaw));
[1.810s]       |                                                           [01;31m[K^~~~~~~~~~~~~~~[m[K
[2.126s] In file included from [01m[K/opt/ros/humble/include/class_loader/class_loader/class_loader_core.hpp:57[m[K,
[2.126s]                  from [01m[K/opt/ros/humble/include/class_loader/class_loader/class_loader.hpp:55[m[K,
[2.126s]                  from [01m[K/opt/ros/humble/include/pluginlib/pluginlib/class_list_macros.hpp:40[m[K,
[2.126s]                  from [01m[K/root/irslab_ws/src/custom_nav2_bt_nodes/src/check_path_alignment.cpp:82[m[K:
[2.126s] /opt/ros/humble/include/class_loader/class_loader/meta_object.hpp: In instantiation of â€˜[01m[KB* class_loader::impl::MetaObject<C, B>::create() const [with C = custom_nav2_bt_nodes::CheckPathAlignment; B = BT::ConditionNode][m[Kâ€™:
[2.126s] [01m[K/opt/ros/humble/include/class_loader/class_loader/meta_object.hpp:216:7:[m[K   required from here
[2.126s] [01m[K/opt/ros/humble/include/class_loader/class_loader/meta_object.hpp:218:12:[m[K [01;31m[Kerror: [m[Kuse of deleted function â€˜[01m[Kcustom_nav2_bt_nodes::CheckPathAlignment::CheckPathAlignment()[m[Kâ€™
[2.126s]   218 |     return [01;31m[Knew C[m[K;
[2.126s]       |            [01;31m[K^~~~~[m[K
[2.126s] In file included from [01m[K/root/irslab_ws/src/custom_nav2_bt_nodes/src/check_path_alignment.cpp:1[m[K:
[2.126s] [01m[K/root/irslab_ws/src/custom_nav2_bt_nodes/include/custom_nav2_bt_nodes/check_path_alignment.hpp:23:3:[m[K [01;36m[Knote: [m[Kdeclared here
[2.126s]    23 |   [01;36m[KCheckPathAlignment[m[K() = delete;
[2.126s]       |   [01;36m[K^~~~~~~~~~~~~~~~~~[m[K
[2.180s] gmake[2]: *** [CMakeFiles/check_path_alignment_plugin.dir/build.make:76: CMakeFiles/check_path_alignment_plugin.dir/src/check_path_alignment.cpp.o] Error 1
[2.181s] gmake[1]: *** [CMakeFiles/Makefile2:137: CMakeFiles/check_path_alignment_plugin.dir/all] Error 2
[2.181s] gmake: *** [Makefile:146: all] Error 2
[2.183s] Invoked command in '/root/irslab_ws/build/custom_nav2_bt_nodes' returned '2': CMAKE_PREFIX_PATH=/opt/ros/humble /usr/bin/cmake --build /root/irslab_ws/build/custom_nav2_bt_nodes -- -j20 -l20
