[01m[K/root/irslab_ws/src/custom_nav2_bt_nodes/src/check_path_alignment.cpp:22:6:[m[K [01;31m[Kerror: [m[Kno declaration matches â€˜[01m[Kvoid custom_nav2_bt_nodes::CheckPathAlignment::initialize()[m[Kâ€™
   22 | void [01;31m[KCheckPathAlignment[m[K::initialize()
      |      [01;31m[K^~~~~~~~~~~~~~~~~~[m[K
[01m[K/root/irslab_ws/src/custom_nav2_bt_nodes/src/check_path_alignment.cpp:22:6:[m[K [01;36m[Knote: [m[Kno functions named â€˜[01m[Kvoid custom_nav2_bt_nodes::CheckPathAlignment::initialize()[m[Kâ€™
In file included from [01m[K/root/irslab_ws/src/custom_nav2_bt_nodes/src/check_path_alignment.cpp:1[m[K:
[01m[K/root/irslab_ws/src/custom_nav2_bt_nodes/include/custom_nav2_bt_nodes/check_path_alignment.hpp:17:7:[m[K [01;36m[Knote: [m[Kâ€˜[01m[Kclass custom_nav2_bt_nodes::CheckPathAlignment[m[Kâ€™ defined here
   17 | class [01;36m[KCheckPathAlignment[m[K : public BT::ConditionNode
      |       [01;36m[K^~~~~~~~~~~~~~~~~~[m[K
[01m[K/root/irslab_ws/src/custom_nav2_bt_nodes/src/check_path_alignment.cpp:[m[K In member function â€˜[01m[Kvirtual BT::NodeStatus custom_nav2_bt_nodes::CheckPathAlignment::tick()[m[Kâ€™:
[01m[K/root/irslab_ws/src/custom_nav2_bt_nodes/src/check_path_alignment.cpp:35:12:[m[K [01;31m[Kerror: [m[Kâ€˜[01m[KisStatusActive[m[Kâ€™ is not a member of â€˜[01m[KBT[m[Kâ€™
   35 |   if (!BT::[01;31m[KisStatusActive[m[K(status())) {
      |            [01;31m[K^~~~~~~~~~~~~~[m[K
[01m[K/root/irslab_ws/src/custom_nav2_bt_nodes/src/check_path_alignment.cpp:36:5:[m[K [01;31m[Kerror: [m[Kâ€˜[01m[Kinitialize[m[Kâ€™ was not declared in this scope
   36 |     [01;31m[Kinitialize[m[K();
      |     [01;31m[K^~~~~~~~~~[m[K
[01m[K/root/irslab_ws/src/custom_nav2_bt_nodes/src/check_path_alignment.cpp:39:12:[m[K [01;31m[Kerror: [m[Kâ€˜[01m[KisStatusActive[m[Kâ€™ is not a member of â€˜[01m[KBT[m[Kâ€™
   39 |   if (!BT::[01;31m[KisStatusActive[m[K(status())) {
      |            [01;31m[K^~~~~~~~~~~~~~[m[K
gmake[2]: *** [CMakeFiles/nav2_bt_nodes_check_path_alignment.dir/build.make:76: CMakeFiles/nav2_bt_nodes_check_path_alignment.dir/src/check_path_alignment.cpp.o] Error 1
gmake[1]: *** [CMakeFiles/Makefile2:137: CMakeFiles/nav2_bt_nodes_check_path_alignment.dir/all] Error 2
gmake: *** [Makefile:146: all] Error 2
