[35m[1mConsolidate compiler generated dependencies of target check_path_alignment_plugin[0m
[ 50%] [32mBuilding CXX object CMakeFiles/check_path_alignment_plugin.dir/src/check_path_alignment.cpp.o[0m
[01m[K/root/irslab_ws/src/custom_nav2_bt_nodes/src/check_path_alignment.cpp:[m[K In member function â€˜[01m[Kvirtual BT::NodeStatus custom_nav2_bt_nodes::CheckPathAlignment::tick()[m[Kâ€™:
[01m[K/root/irslab_ws/src/custom_nav2_bt_nodes/src/check_path_alignment.cpp:65:43:[m[K [01;31m[Kerror: [m[Kâ€˜[01m[Knormalize_angle[m[Kâ€™ is not a member of â€˜[01m[Knav2_util[m[Kâ€™
   65 |   double angle_diff = std::abs(nav2_util::[01;31m[Knormalize_angle[m[K(path_yaw - robot_yaw));
      |                                           [01;31m[K^~~~~~~~~~~~~~~[m[K
In file included from [01m[K/opt/ros/humble/include/class_loader/class_loader/class_loader_core.hpp:57[m[K,
                 from [01m[K/opt/ros/humble/include/class_loader/class_loader/class_loader.hpp:55[m[K,
                 from [01m[K/opt/ros/humble/include/pluginlib/pluginlib/class_list_macros.hpp:40[m[K,
                 from [01m[K/root/irslab_ws/src/custom_nav2_bt_nodes/src/check_path_alignment.cpp:82[m[K:
/opt/ros/humble/include/class_loader/class_loader/meta_object.hpp: In instantiation of â€˜[01m[KB* class_loader::impl::MetaObject<C, B>::create() const [with C = custom_nav2_bt_nodes::CheckPathAlignment; B = BT::ConditionNode][m[Kâ€™:
[01m[K/opt/ros/humble/include/class_loader/class_loader/meta_object.hpp:216:7:[m[K   required from here
[01m[K/opt/ros/humble/include/class_loader/class_loader/meta_object.hpp:218:12:[m[K [01;31m[Kerror: [m[Kno matching function for call to â€˜[01m[Kcustom_nav2_bt_nodes::CheckPathAlignment::CheckPathAlignment()[m[Kâ€™
  218 |     return [01;31m[Knew C[m[K;
      |            [01;31m[K^~~~~[m[K
[01m[K/root/irslab_ws/src/custom_nav2_bt_nodes/src/check_path_alignment.cpp:7:1:[m[K [01;36m[Knote: [m[Kcandidate: â€˜[01m[Kcustom_nav2_bt_nodes::CheckPathAlignment::CheckPathAlignment(const string&, const BT::NodeConfiguration&)[m[Kâ€™
    7 | [01;36m[KCheckPathAlignment[m[K::CheckPathAlignment(
      | [01;36m[K^~~~~~~~~~~~~~~~~~[m[K
[01m[K/root/irslab_ws/src/custom_nav2_bt_nodes/src/check_path_alignment.cpp:7:1:[m[K [01;36m[Knote: [m[K  candidate expects 2 arguments, 0 provided
gmake[2]: *** [CMakeFiles/check_path_alignment_plugin.dir/build.make:76: CMakeFiles/check_path_alignment_plugin.dir/src/check_path_alignment.cpp.o] Error 1
gmake[1]: *** [CMakeFiles/Makefile2:137: CMakeFiles/check_path_alignment_plugin.dir/all] Error 2
gmake: *** [Makefile:146: all] Error 2
